<?xml version="1.0" encoding="UTF-8"?>
<!-- Generated by org.testng.reporters.JUnitXMLReporter -->
<testsuite hostname="IFOCUSODC-PC30" ignored="80" name="Test1" tests="41" failures="35" timestamp="08 Aug 2019 06:52:57 GMT" time="5694.016" errors="0">
  <testcase name="VerifyLastViewedAudioSettings" time="232.422" classname="com.viacom.lastviewed.VerifyLastViewedAudioSettings">
    <failure type="java.lang.AssertionError" message="Login Failed">
      <![CDATA[java.lang.AssertionError: Login Failed
at com.viacom.pagesVersion2.BasePageV2.reportFail(BasePageV2.java:64)
at com.viacom.pagesVersion2.HomePageV2.login(HomePageV2.java:1524)
at com.viacom.lastviewed.VerifyLastViewedAudioSettings.VerifyLastViewedAudioSettings(VerifyLastViewedAudioSettings.java:70)
... Removed 26 stack frames]]>
    </failure>
  </testcase> <!-- VerifyLastViewedAudioSettings -->
  <testcase name="VerifyActivitySegmentedTab" time="82.921" classname="com.viacom.parentzone.VerifyActivitySegmentedTab"/>
  <testcase name="VerifyBedTimeForProfiles" time="142.68" classname="com.viacom.parentzone.VerifyBedTimeForProfiles"/>
  <testcase name="VerifyLastViewedMoviesResume" time="65.925" classname="com.viacom.lastviewed.VerifyLastViewedMoviesResume">
    <failure type="java.lang.AssertionError" message="Failed to click on Tab: Watch">
      <![CDATA[java.lang.AssertionError: Failed to click on Tab: Watch
at com.viacom.pagesVersion2.BasePageV2.reportFail(BasePageV2.java:64)
at com.viacom.pagesVersion2.HomePageV2.tabClick(HomePageV2.java:1415)
at com.viacom.lastviewed.VerifyLastViewedMoviesResume.VerifyLastViewedMoviesResume(VerifyLastViewedMoviesResume.java:101)
... Removed 26 stack frames]]>
    </failure>
  </testcase> <!-- VerifyLastViewedMoviesResume -->
  <testcase name="VerifyLastViewedMoviesResumeMyStuff" time="64.894" classname="com.viacom.lastviewed.VerifyLastViewedMoviesResumeMyStuff">
    <failure type="java.lang.AssertionError" message="Failed to click on Tab: Watch">
      <![CDATA[java.lang.AssertionError: Failed to click on Tab: Watch
at com.viacom.pagesVersion2.BasePageV2.reportFail(BasePageV2.java:64)
at com.viacom.pagesVersion2.HomePageV2.tabClick(HomePageV2.java:1415)
at com.viacom.lastviewed.VerifyLastViewedMoviesResumeMyStuff.VerifyLastViewedMoviesResumeMyStuff(VerifyLastViewedMoviesResumeMyStuff.java:105)
... Removed 26 stack frames]]>
    </failure>
  </testcase> <!-- VerifyLastViewedMoviesResumeMyStuff -->
  <testcase name="VerifyChromecastMovie" time="64.844" classname="com.viacom.chromecast.VerifyChromecastMovie">
    <failure type="java.lang.AssertionError" message="Failed to click on Tab: Watch">
      <![CDATA[java.lang.AssertionError: Failed to click on Tab: Watch
at com.viacom.pagesVersion2.BasePageV2.reportFail(BasePageV2.java:64)
at com.viacom.pagesVersion2.HomePageV2.tabClick(HomePageV2.java:1415)
at com.viacom.chromecast.VerifyChromecastMovie.VerifyChromecastMovie(VerifyChromecastMovie.java:95)
... Removed 26 stack frames]]>
    </failure>
  </testcase> <!-- VerifyChromecastMovie -->
  <testcase name="VerifyLastViewedBooks" time="74.463" classname="com.viacom.lastviewed.VerifyLastViewedBooks">
    <failure type="java.lang.AssertionError" message="Failed to click on Tab: Read">
      <![CDATA[java.lang.AssertionError: Failed to click on Tab: Read
at com.viacom.pagesVersion2.BasePageV2.reportFail(BasePageV2.java:64)
at com.viacom.pagesVersion2.HomePageV2.tabClick(HomePageV2.java:1415)
at com.viacom.lastviewed.VerifyLastViewedBooks.VerifyLastViewedBooks(VerifyLastViewedBooks.java:76)
... Removed 26 stack frames]]>
    </failure>
  </testcase> <!-- VerifyLastViewedBooks -->
  <testcase name="VerifyLastViewedMovies" time="65.477" classname="com.viacom.lastviewed.VerifyLastViewedMovies">
    <failure type="java.lang.AssertionError" message="Failed to click on Tab: Watch">
      <![CDATA[java.lang.AssertionError: Failed to click on Tab: Watch
at com.viacom.pagesVersion2.BasePageV2.reportFail(BasePageV2.java:64)
at com.viacom.pagesVersion2.HomePageV2.tabClick(HomePageV2.java:1415)
at com.viacom.lastviewed.VerifyLastViewedMovies.VerifyLastViewedMovies(VerifyLastViewedMovies.java:94)
... Removed 26 stack frames]]>
    </failure>
  </testcase> <!-- VerifyLastViewedMovies -->
  <testcase name="VerifyLastViewedMoviesMetaData" time="84.462" classname="com.viacom.lastviewed.VerifyLastViewedMoviesMetaData"/>
  <testcase name="VerifyMovies" time="0.0" classname="com.viacom.movies.VerifyMovies">
    <skipped/>
  </testcase> <!-- VerifyMovies -->
  <testcase name="loginTest" time="0.0" classname="com.viacom.movies.VerifyMoviePlayerFunctionalityTest">
    <skipped/>
  </testcase> <!-- loginTest -->
  <testcase name="VerifyRecentActivityCardBehavior" time="73.699" classname="com.viacom.parentzone.VerifyRecentActivityCardBehavior">
    <failure type="java.lang.AssertionError" message="Failed to click on Tab: Watch">
      <![CDATA[java.lang.AssertionError: Failed to click on Tab: Watch
at com.viacom.pagesVersion2.BasePageV2.reportFail(BasePageV2.java:64)
at com.viacom.pagesVersion2.HomePageV2.tabClick(HomePageV2.java:1415)
at com.viacom.parentzone.VerifyRecentActivityCardBehavior.VerifyRecentActivityCardBehavior(VerifyRecentActivityCardBehavior.java:133)
... Removed 26 stack frames]]>
    </failure>
  </testcase> <!-- VerifyRecentActivityCardBehavior -->
  <testcase name="verifyStatsInParentZone" time="132.167" classname="com.viacom.parentzone.VerifyStatsInParentZone">
    <failure type="java.lang.AssertionError" message="Login Failed">
      <![CDATA[java.lang.AssertionError: Login Failed
at com.viacom.pagesVersion2.BasePageV2.reportFail(BasePageV2.java:64)
at com.viacom.pagesVersion2.HomePageV2.login(HomePageV2.java:1833)
at com.viacom.parentzone.VerifyStatsInParentZone.verifyStatsInParentZone(VerifyStatsInParentZone.java:70)
... Removed 26 stack frames]]>
    </failure>
  </testcase> <!-- verifyStatsInParentZone -->
  <testcase name="VerifyPlayback" time="131.863" classname="com.viacom.audioplayer.VerifyPlayback">
    <failure type="java.lang.AssertionError" message="Login Failed">
      <![CDATA[java.lang.AssertionError: Login Failed
at com.viacom.pagesVersion2.BasePageV2.reportFail(BasePageV2.java:64)
at com.viacom.pagesVersion2.HomePageV2.login(HomePageV2.java:1833)
at com.viacom.audioplayer.VerifyPlayback.VerifyPlayback(VerifyPlayback.java:73)
... Removed 26 stack frames]]>
    </failure>
  </testcase> <!-- VerifyPlayback -->
  <testcase name="VerifyCarouselMetadataAndSwipeFeature" time="132.898" classname="com.viacom.carousal.VerifyCarouselMetadataAndSwipeFeature">
    <failure type="java.lang.AssertionError" message="Login Failed">
      <![CDATA[java.lang.AssertionError: Login Failed
at com.viacom.pagesVersion2.BasePageV2.reportFail(BasePageV2.java:64)
at com.viacom.pagesVersion2.HomePageV2.login(HomePageV2.java:1833)
at com.viacom.carousal.VerifyCarouselMetadataAndSwipeFeature.VerifyCarouselMetadataAndSwipeFeature(VerifyCarouselMetadataAndSwipeFeature.java:72)
... Removed 26 stack frames]]>
    </failure>
  </testcase> <!-- VerifyCarouselMetadataAndSwipeFeature -->
  <testcase name="VerifyLastViewedEpisodes" time="94.647" classname="com.viacom.lastviewed.VerifyLastViewedUiMyStuffWatch">
    <failure type="java.lang.AssertionError" message="Failed to click on Tab: watch">
      <![CDATA[java.lang.AssertionError: Failed to click on Tab: watch
at com.viacom.pagesVersion2.BasePageV2.reportFail(BasePageV2.java:64)
at com.viacom.pagesVersion2.HomePageV2.tabClick(HomePageV2.java:1415)
at com.viacom.lastviewed.VerifyLastViewedUiMyStuffWatch.VerifyLastViewedEpisodes(VerifyLastViewedUiMyStuffWatch.java:78)
... Removed 26 stack frames]]>
    </failure>
  </testcase> <!-- VerifyLastViewedEpisodes -->
  <testcase name="VerifyEpisodesTray" time="74.925" classname="com.viacom.vodplayer.VerifyEpisodesTray">
    <failure type="java.lang.AssertionError" message="Failed to click on Tab: Watch">
      <![CDATA[java.lang.AssertionError: Failed to click on Tab: Watch
at com.viacom.pagesVersion2.BasePageV2.reportFail(BasePageV2.java:64)
at com.viacom.pagesVersion2.HomePageV2.tabClick(HomePageV2.java:1415)
at com.viacom.vodplayer.VerifyEpisodesTray.VerifyEpisodesTray(VerifyEpisodesTray.java:109)
... Removed 26 stack frames]]>
    </failure>
  </testcase> <!-- VerifyEpisodesTray -->
  <testcase name="VerifyNoDownloads" time="128.875" classname="com.viacom.downloads.VerifyNoDownloads">
    <failure type="java.lang.AssertionError" message="Login Failed">
      <![CDATA[java.lang.AssertionError: Login Failed
at com.viacom.pagesVersion2.BasePageV2.reportFail(BasePageV2.java:64)
at com.viacom.pagesVersion2.HomePageV2.login(HomePageV2.java:1833)
at com.viacom.downloads.VerifyNoDownloads.VerifyNoDownloads(VerifyNoDownloads.java:54)
... Removed 26 stack frames]]>
    </failure>
  </testcase> <!-- VerifyNoDownloads -->
  <testcase name="VerifyReaderPreviewAndRead" time="168.336" classname="com.viacom.ebook.VerifyReaderPreviewAndRead">
    <failure type="java.lang.AssertionError" message="Login Failed">
      <![CDATA[java.lang.AssertionError: Login Failed
at com.viacom.pagesVersion2.BasePageV2.reportFail(BasePageV2.java:64)
at com.viacom.pagesVersion2.HomePageV2.login(HomePageV2.java:1833)
at com.viacom.ebook.VerifyReaderPreviewAndRead.VerifyReaderPreviewAndRead(VerifyReaderPreviewAndRead.java:60)
... Removed 26 stack frames]]>
    </failure>
  </testcase> <!-- VerifyReaderPreviewAndRead -->
  <testcase name="VerifyAudioPlayerSettings" time="131.891" classname="com.viacom.audioplayer.VerifyAudioPlayerSettings">
    <failure type="java.lang.AssertionError" message="Login Failed">
      <![CDATA[java.lang.AssertionError: Login Failed
at com.viacom.pagesVersion2.BasePageV2.reportFail(BasePageV2.java:64)
at com.viacom.pagesVersion2.HomePageV2.login(HomePageV2.java:1833)
at com.viacom.audioplayer.VerifyAudioPlayerSettings.VerifyAudioPlayerSettings(VerifyAudioPlayerSettings.java:55)
... Removed 26 stack frames]]>
    </failure>
  </testcase> <!-- VerifyAudioPlayerSettings -->
  <testcase name="VerifyRewards" time="203.374" classname="com.viacom.smoketestscripts.VerifyRewards"/>
  <testcase name="VerifyCharacterShowCard" time="131.681" classname="com.viacom.uinavigation.VerifyCharacterShowCard">
    <failure type="java.lang.AssertionError" message="Login Failed">
      <![CDATA[java.lang.AssertionError: Login Failed
at com.viacom.pagesVersion2.BasePageV2.reportFail(BasePageV2.java:64)
at com.viacom.pagesVersion2.HomePageV2.login(HomePageV2.java:1833)
at com.viacom.uinavigation.VerifyCharacterShowCard.VerifyCharacterShowCard(VerifyCharacterShowCard.java:55)
... Removed 26 stack frames]]>
    </failure>
  </testcase> <!-- VerifyCharacterShowCard -->
  <testcase name="VerifyCharactersInCharactersTray" time="136.568" classname="com.viacom.smoketestscripts.VerifyCharactersInCharactersTray">
    <failure type="java.lang.AssertionError" message="Login Failed">
      <![CDATA[java.lang.AssertionError: Login Failed
at com.viacom.pagesVersion2.BasePageV2.reportFail(BasePageV2.java:64)
at com.viacom.pagesVersion2.HomePageV2.login(HomePageV2.java:1833)
at com.viacom.smoketestscripts.VerifyCharactersInCharactersTray.VerifyCharactersInCharactersTray(VerifyCharactersInCharactersTray.java:64)
... Removed 26 stack frames]]>
    </failure>
  </testcase> <!-- VerifyCharactersInCharactersTray -->
  <testcase name="VerifyDownloads" time="131.499" classname="com.viacom.downloads.VerifyDownloads">
    <failure type="java.lang.AssertionError" message="Login Failed">
      <![CDATA[java.lang.AssertionError: Login Failed
at com.viacom.pagesVersion2.BasePageV2.reportFail(BasePageV2.java:64)
at com.viacom.pagesVersion2.HomePageV2.login(HomePageV2.java:1833)
at com.viacom.downloads.VerifyDownloads.VerifyDownloads(VerifyDownloads.java:68)
... Removed 26 stack frames]]>
    </failure>
  </testcase> <!-- VerifyDownloads -->
  <testcase name="VerifyFavouritesTrayAndIcon" time="130.921" classname="com.viacom.favourites.VerifyFavouritesTrayAndIcon">
    <failure type="java.lang.AssertionError" message="Login Failed">
      <![CDATA[java.lang.AssertionError: Login Failed
at com.viacom.pagesVersion2.BasePageV2.reportFail(BasePageV2.java:64)
at com.viacom.pagesVersion2.HomePageV2.login(HomePageV2.java:1833)
at com.viacom.favourites.VerifyFavouritesTrayAndIcon.VerifyFavouritesTrayAndIcon(VerifyFavouritesTrayAndIcon.java:56)
... Removed 26 stack frames]]>
    </failure>
  </testcase> <!-- VerifyFavouritesTrayAndIcon -->
  <testcase name="VerifyEbookDefaults" time="140.48" classname="com.viacom.ebook.VerifyEbookDefaults">
    <failure type="java.lang.AssertionError" message="Login Failed">
      <![CDATA[java.lang.AssertionError: Login Failed
at com.viacom.pagesVersion2.BasePageV2.reportFail(BasePageV2.java:64)
at com.viacom.pagesVersion2.HomePageV2.login(HomePageV2.java:1833)
at com.viacom.ebook.VerifyEbookDefaults.VerifyEbookDefaults(VerifyEbookDefaults.java:78)
... Removed 26 stack frames]]>
    </failure>
  </testcase> <!-- VerifyEbookDefaults -->
  <testcase name="VerifyCellularDownloadsOFFState" time="184.279" classname="com.viacom.downloads.VerifyCellularDownloadsOFFState">
    <failure type="java.lang.AssertionError" message="Login Failed">
      <![CDATA[java.lang.AssertionError: Login Failed
at com.viacom.pagesVersion2.BasePageV2.reportFail(BasePageV2.java:64)
at com.viacom.pagesVersion2.HomePageV2.login(HomePageV2.java:1833)
at com.viacom.downloads.VerifyCellularDownloadsOFFState.VerifyCellularDownloadsOFFState(VerifyCellularDownloadsOFFState.java:77)
... Removed 26 stack frames]]>
    </failure>
  </testcase> <!-- VerifyCellularDownloadsOFFState -->
  <testcase name="VerifyFavouriteAddedAudioAndEpisode" time="132.02" classname="com.viacom.favourites.VerifyFavouriteAddedAudioAndEpisode">
    <failure type="java.lang.AssertionError" message="Login Failed">
      <![CDATA[java.lang.AssertionError: Login Failed
at com.viacom.pagesVersion2.BasePageV2.reportFail(BasePageV2.java:64)
at com.viacom.pagesVersion2.HomePageV2.login(HomePageV2.java:1833)
at com.viacom.favourites.VerifyFavouriteAddedAudioAndEpisode.VerifyFavouriteAddedAudioAndEpisode(VerifyFavouriteAddedAudioAndEpisode.java:56)
... Removed 26 stack frames]]>
    </failure>
  </testcase> <!-- VerifyFavouriteAddedAudioAndEpisode -->
  <testcase name="VerifyFavouriteAddedBookAndNavigation" time="164.734" classname="com.viacom.favourites.VerifyFavouriteAddedBookAndNavigation">
    <failure type="java.lang.AssertionError" message="Login Failed">
      <![CDATA[java.lang.AssertionError: Login Failed
at com.viacom.pagesVersion2.BasePageV2.reportFail(BasePageV2.java:64)
at com.viacom.pagesVersion2.HomePageV2.login(HomePageV2.java:1833)
at com.viacom.favourites.VerifyFavouriteAddedBookAndNavigation.VerifyFavouriteAddedBookAndNavigation(VerifyFavouriteAddedBookAndNavigation.java:76)
... Removed 26 stack frames]]>
    </failure>
  </testcase> <!-- VerifyFavouriteAddedBookAndNavigation -->
  <testcase name="VerifyNotification" time="226.005" classname="com.viacom.smoketestscripts.VerifyNotification">
    <failure type="java.lang.AssertionError" message="Login Failed">
      <![CDATA[java.lang.AssertionError: Login Failed
at com.viacom.pagesVersion2.BasePageV2.reportFail(BasePageV2.java:64)
at com.viacom.pagesVersion2.HomePageV2.login(HomePageV2.java:1833)
at com.viacom.smoketestscripts.VerifyNotification.VerifyNotification(VerifyNotification.java:95)
... Removed 26 stack frames]]>
    </failure>
  </testcase> <!-- VerifyNotification -->
  <testcase name="VerifyVODContentConfigurableTrays" time="412.329" classname="com.viacom.vodplayer.VerifyVODContentConfigurableTrays">
    <failure type="java.lang.IllegalArgumentException" message="Cannot get property &amp;apos;items&amp;apos; on null object">
      <![CDATA[java.lang.IllegalArgumentException: Cannot get property 'items' on null object
at org.codehaus.groovy.runtime.callsite.ConstructorSite$ConstructorSiteNoUnwrapNoCoerce.callConstructor(ConstructorSite.java:105)
at org.codehaus.groovy.runtime.callsite.CallSiteArray.defaultCallConstructor(CallSiteArray.java:60)
at org.codehaus.groovy.runtime.callsite.AbstractCallSite.callConstructor(AbstractCallSite.java:235)
at org.codehaus.groovy.runtime.callsite.AbstractCallSite.callConstructor(AbstractCallSite.java:255)
at com.jayway.restassured.internal.path.json.JSONAssertion.getAsJsonObject(JSONAssertion.groovy:53)
at com.jayway.restassured.internal.path.json.JSONAssertion$getAsJsonObject.callCurrent(Unknown Source)
at com.jayway.restassured.internal.path.json.JSONAssertion.getResult(JSONAssertion.groovy:28)
at com.jayway.restassured.path.json.JsonPath.get(JsonPath.java:202)
at com.viacom.vodplayer.VerifyVODContentConfigurableTrays.VerifyVODContentConfigurableTrays(VerifyVODContentConfigurableTrays.java:456)
Caused by: java.lang.NullPointerException: Cannot get property 'items' on null object
at org.codehaus.groovy.runtime.NullObject.getProperty(NullObject.java:60)
at org.codehaus.groovy.runtime.InvokerHelper.getProperty(InvokerHelper.java:172)
at org.codehaus.groovy.runtime.callsite.NullCallSite.getProperty(NullCallSite.java:47)
at org.codehaus.groovy.runtime.callsite.AbstractCallSite.callGetProperty(AbstractCallSite.java:296)
at Script1.run(Script1.groovy:1)
at groovy.lang.GroovyShell.evaluate(GroovyShell.java:591)
at groovy.lang.GroovyShell.evaluate(GroovyShell.java:629)
at groovy.lang.GroovyShell.evaluate(GroovyShell.java:600)
at org.codehaus.groovy.runtime.callsite.PogoMetaMethodSite$PogoCachedMethodSiteNoUnwrap.invoke(PogoMetaMethodSite.java:190)
at org.codehaus.groovy.runtime.callsite.PogoMetaMethodSite.call(PogoMetaMethodSite.java:71)
at org.codehaus.groovy.runtime.callsite.AbstractCallSite.call(AbstractCallSite.java:125)
at com.jayway.restassured.internal.path.json.JSONAssertion.eval(JSONAssertion.groovy:76)
at org.codehaus.groovy.runtime.callsite.PogoMetaMethodSite$PogoCachedMethodSiteNoUnwrapNoCoerce.invoke(PogoMetaMethodSite.java:210)
at org.codehaus.groovy.runtime.callsite.PogoMetaMethodSite.callCurrent(PogoMetaMethodSite.java:59)
at org.codehaus.groovy.runtime.callsite.AbstractCallSite.callCurrent(AbstractCallSite.java:182)
at com.jayway.restassured.internal.path.json.JSONAssertion.getAsJsonObject(JSONAssertion.groovy:46)
... 29 more
... Removed 36 stack frames]]>
    </failure>
  </testcase> <!-- VerifyVODContentConfigurableTrays -->
  <testcase name="VerifyDeviceSettingsAfterLogout" time="167.131" classname="com.viacom.settings.VerifyDeviceSettingsAfterLogout">
    <failure type="java.lang.AssertionError" message="Login Failed">
      <![CDATA[java.lang.AssertionError: Login Failed
at com.viacom.pagesVersion2.BasePageV2.reportFail(BasePageV2.java:64)
at com.viacom.pagesVersion2.HomePageV2.login(HomePageV2.java:1833)
at com.viacom.settings.VerifyDeviceSettingsAfterLogout.VerifyDeviceSettingsAfterLogout(VerifyDeviceSettingsAfterLogout.java:76)
... Removed 26 stack frames]]>
    </failure>
  </testcase> <!-- VerifyDeviceSettingsAfterLogout -->
  <testcase name="VerifyLastViewedEpisodes" time="210.628" classname="com.viacom.lastviewed.VerifyLastViewedEpisodes">
    <failure type="java.lang.AssertionError" message="Login Failed">
      <![CDATA[java.lang.AssertionError: Login Failed
at com.viacom.pagesVersion2.BasePageV2.reportFail(BasePageV2.java:64)
at com.viacom.pagesVersion2.HomePageV2.login(HomePageV2.java:1833)
at com.viacom.lastviewed.VerifyLastViewedEpisodes.VerifyLastViewedEpisodes(VerifyLastViewedEpisodes.java:87)
... Removed 26 stack frames]]>
    </failure>
  </testcase> <!-- VerifyLastViewedEpisodes -->
  <testcase name="VerifyLastViewedEpisodes" time="175.119" classname="com.viacom.lastviewed.VerifyLastViewedEpisodesOrder">
    <failure type="java.lang.AssertionError" message="Login Failed">
      <![CDATA[java.lang.AssertionError: Login Failed
at com.viacom.pagesVersion2.BasePageV2.reportFail(BasePageV2.java:64)
at com.viacom.pagesVersion2.HomePageV2.login(HomePageV2.java:1833)
at com.viacom.lastviewed.VerifyLastViewedEpisodesOrder.VerifyLastViewedEpisodes(VerifyLastViewedEpisodesOrder.java:75)
... Removed 26 stack frames]]>
    </failure>
  </testcase> <!-- VerifyLastViewedEpisodes -->
  <testcase name="VerifyLastViewedEpisodesSettings" time="156.019" classname="com.viacom.lastviewed.VerifyLastViewedEpisodesSettings">
    <failure type="java.lang.AssertionError" message="Login Failed">
      <![CDATA[java.lang.AssertionError: Login Failed
at com.viacom.pagesVersion2.BasePageV2.reportFail(BasePageV2.java:64)
at com.viacom.pagesVersion2.HomePageV2.login(HomePageV2.java:1833)
at com.viacom.lastviewed.VerifyLastViewedEpisodesSettings.VerifyLastViewedEpisodesSettings(VerifyLastViewedEpisodesSettings.java:68)
... Removed 26 stack frames]]>
    </failure>
  </testcase> <!-- VerifyLastViewedEpisodesSettings -->
  <testcase name="VerifyLastViewedBooksOrder" time="131.644" classname="com.viacom.lastviewed.VerifyLastViewedBooksOrder">
    <failure type="java.lang.AssertionError" message="Login Failed">
      <![CDATA[java.lang.AssertionError: Login Failed
at com.viacom.pagesVersion2.BasePageV2.reportFail(BasePageV2.java:64)
at com.viacom.pagesVersion2.HomePageV2.login(HomePageV2.java:1833)
at com.viacom.lastviewed.VerifyLastViewedBooksOrder.VerifyLastViewedBooksOrder(VerifyLastViewedBooksOrder.java:85)
... Removed 26 stack frames]]>
    </failure>
  </testcase> <!-- VerifyLastViewedBooksOrder -->
  <testcase name="VerifyLastViewedBooksSettings" time="130.251" classname="com.viacom.lastviewed.VerifyLastViewedBooksSettings">
    <failure type="java.lang.AssertionError" message="Login Failed">
      <![CDATA[java.lang.AssertionError: Login Failed
at com.viacom.pagesVersion2.BasePageV2.reportFail(BasePageV2.java:64)
at com.viacom.pagesVersion2.HomePageV2.login(HomePageV2.java:1833)
at com.viacom.lastviewed.VerifyLastViewedBooksSettings.VerifyLastViewedBooksSettings(VerifyLastViewedBooksSettings.java:67)
... Removed 26 stack frames]]>
    </failure>
  </testcase> <!-- VerifyLastViewedBooksSettings -->
  <testcase name="VerifyLastReadBooks" time="130.487" classname="com.viacom.lastviewed.VerifyLastViewedAudio">
    <failure type="java.lang.AssertionError" message="Login Failed">
      <![CDATA[java.lang.AssertionError: Login Failed
at com.viacom.pagesVersion2.BasePageV2.reportFail(BasePageV2.java:64)
at com.viacom.pagesVersion2.HomePageV2.login(HomePageV2.java:1833)
at com.viacom.lastviewed.VerifyLastViewedAudio.VerifyLastReadBooks(VerifyLastViewedAudio.java:57)
... Removed 26 stack frames]]>
    </failure>
  </testcase> <!-- VerifyLastReadBooks -->
  <testcase name="VerifyLastViewedAudioOrder" time="130.919" classname="com.viacom.lastviewed.VerifyLastViewedAudioOrder">
    <failure type="java.lang.AssertionError" message="Login Failed">
      <![CDATA[java.lang.AssertionError: Login Failed
at com.viacom.pagesVersion2.BasePageV2.reportFail(BasePageV2.java:64)
at com.viacom.pagesVersion2.HomePageV2.login(HomePageV2.java:1833)
at com.viacom.lastviewed.VerifyLastViewedAudioOrder.VerifyLastViewedAudioOrder(VerifyLastViewedAudioOrder.java:84)
... Removed 26 stack frames]]>
    </failure>
  </testcase> <!-- VerifyLastViewedAudioOrder -->
  <testcase name="VerifyLastViewedEpisodesResume" time="131.991" classname="com.viacom.lastviewed.VerifyLastViewedEpisodesResume">
    <failure type="java.lang.AssertionError" message="Login Failed">
      <![CDATA[java.lang.AssertionError: Login Failed
at com.viacom.pagesVersion2.BasePageV2.reportFail(BasePageV2.java:64)
at com.viacom.pagesVersion2.HomePageV2.login(HomePageV2.java:1833)
at com.viacom.lastviewed.VerifyLastViewedEpisodesResume.VerifyLastViewedEpisodesResume(VerifyLastViewedEpisodesResume.java:68)
... Removed 26 stack frames]]>
    </failure>
  </testcase> <!-- VerifyLastViewedEpisodesResume -->
  <testcase name="VerifyLastViewedAudioResume" time="131.144" classname="com.viacom.lastviewed.VerifyLastViewedAudioResume">
    <failure type="java.lang.AssertionError" message="Login Failed">
      <![CDATA[java.lang.AssertionError: Login Failed
at com.viacom.pagesVersion2.BasePageV2.reportFail(BasePageV2.java:64)
at com.viacom.pagesVersion2.HomePageV2.login(HomePageV2.java:1833)
at com.viacom.lastviewed.VerifyLastViewedAudioResume.VerifyLastViewedAudioResume(VerifyLastViewedAudioResume.java:65)
... Removed 26 stack frames]]>
    </failure>
  </testcase> <!-- VerifyLastViewedAudioResume -->
  <testcase name="@BeforeSuite suite" time="0.0" classname="com.viacom.smoketestscripts.BaseTestV2">
    <ignored/>
  </testcase> <!-- @BeforeSuite suite -->
  <testcase name="@BeforeSuite suite" time="0.0" classname="com.viacom.smoketestscripts.BaseTestV2">
    <ignored/>
  </testcase> <!-- @BeforeSuite suite -->
  <testcase name="@BeforeSuite suite" time="0.0" classname="com.viacom.smoketestscripts.BaseTestV2">
    <ignored/>
  </testcase> <!-- @BeforeSuite suite -->
  <testcase name="@BeforeSuite suite" time="0.0" classname="com.viacom.smoketestscripts.BaseTestV2">
    <ignored/>
  </testcase> <!-- @BeforeSuite suite -->
  <testcase name="@BeforeSuite suite" time="0.0" classname="com.viacom.smoketestscripts.BaseTestV2">
    <ignored/>
  </testcase> <!-- @BeforeSuite suite -->
  <testcase name="@BeforeSuite suite" time="0.0" classname="com.viacom.smoketestscripts.BaseTestV2">
    <ignored/>
  </testcase> <!-- @BeforeSuite suite -->
  <testcase name="@BeforeSuite suite" time="0.0" classname="com.viacom.smoketestscripts.BaseTestV2">
    <ignored/>
  </testcase> <!-- @BeforeSuite suite -->
  <testcase name="@BeforeSuite suite" time="0.0" classname="com.viacom.smoketestscripts.BaseTestV2">
    <ignored/>
  </testcase> <!-- @BeforeSuite suite -->
  <testcase name="@BeforeSuite suite" time="0.0" classname="com.viacom.smoketestscripts.BaseTestV2">
    <ignored/>
  </testcase> <!-- @BeforeSuite suite -->
  <testcase name="@BeforeSuite suite" time="0.0" classname="com.viacom.smoketestscripts.BaseTestV2">
    <ignored/>
  </testcase> <!-- @BeforeSuite suite -->
  <testcase name="@BeforeSuite suite" time="0.0" classname="com.viacom.smoketestscripts.BaseTestV2">
    <ignored/>
  </testcase> <!-- @BeforeSuite suite -->
  <testcase name="@BeforeSuite suite" time="0.0" classname="com.viacom.smoketestscripts.BaseTestV2">
    <ignored/>
  </testcase> <!-- @BeforeSuite suite -->
  <testcase name="@BeforeSuite suite" time="0.0" classname="com.viacom.smoketestscripts.BaseTestV2">
    <ignored/>
  </testcase> <!-- @BeforeSuite suite -->
  <testcase name="@BeforeSuite suite" time="0.0" classname="com.viacom.smoketestscripts.BaseTestV2">
    <ignored/>
  </testcase> <!-- @BeforeSuite suite -->
  <testcase name="@BeforeSuite suite" time="0.0" classname="com.viacom.smoketestscripts.BaseTestV2">
    <ignored/>
  </testcase> <!-- @BeforeSuite suite -->
  <testcase name="@BeforeSuite suite" time="0.0" classname="com.viacom.smoketestscripts.BaseTestV2">
    <ignored/>
  </testcase> <!-- @BeforeSuite suite -->
  <testcase name="@BeforeSuite suite" time="0.0" classname="com.viacom.smoketestscripts.BaseTestV2">
    <ignored/>
  </testcase> <!-- @BeforeSuite suite -->
  <testcase name="@BeforeSuite suite" time="0.0" classname="com.viacom.smoketestscripts.BaseTestV2">
    <ignored/>
  </testcase> <!-- @BeforeSuite suite -->
  <testcase name="@BeforeSuite suite" time="0.0" classname="com.viacom.smoketestscripts.BaseTestV2">
    <ignored/>
  </testcase> <!-- @BeforeSuite suite -->
  <testcase name="@BeforeSuite suite" time="0.0" classname="com.viacom.smoketestscripts.BaseTestV2">
    <ignored/>
  </testcase> <!-- @BeforeSuite suite -->
  <testcase name="@BeforeSuite suite" time="0.0" classname="com.viacom.smoketestscripts.BaseTestV2">
    <ignored/>
  </testcase> <!-- @BeforeSuite suite -->
  <testcase name="@BeforeSuite suite" time="0.0" classname="com.viacom.smoketestscripts.BaseTestV2">
    <ignored/>
  </testcase> <!-- @BeforeSuite suite -->
  <testcase name="@BeforeSuite suite" time="0.0" classname="com.viacom.smoketestscripts.BaseTestV2">
    <ignored/>
  </testcase> <!-- @BeforeSuite suite -->
  <testcase name="@BeforeSuite suite" time="0.0" classname="com.viacom.smoketestscripts.BaseTestV2">
    <ignored/>
  </testcase> <!-- @BeforeSuite suite -->
  <testcase name="@BeforeSuite suite" time="0.0" classname="com.viacom.smoketestscripts.BaseTestV2">
    <ignored/>
  </testcase> <!-- @BeforeSuite suite -->
  <testcase name="@BeforeSuite suite" time="0.0" classname="com.viacom.smoketestscripts.BaseTestV2">
    <ignored/>
  </testcase> <!-- @BeforeSuite suite -->
  <testcase name="@BeforeSuite suite" time="0.0" classname="com.viacom.smoketestscripts.BaseTestV2">
    <ignored/>
  </testcase> <!-- @BeforeSuite suite -->
  <testcase name="@BeforeSuite suite" time="0.0" classname="com.viacom.smoketestscripts.BaseTestV2">
    <ignored/>
  </testcase> <!-- @BeforeSuite suite -->
  <testcase name="@BeforeSuite suite" time="0.0" classname="com.viacom.smoketestscripts.BaseTestV2">
    <ignored/>
  </testcase> <!-- @BeforeSuite suite -->
  <testcase name="@BeforeSuite suite" time="0.0" classname="com.viacom.smoketestscripts.BaseTestV2">
    <ignored/>
  </testcase> <!-- @BeforeSuite suite -->
  <testcase name="@BeforeSuite suite" time="0.0" classname="com.viacom.smoketestscripts.BaseTestV2">
    <ignored/>
  </testcase> <!-- @BeforeSuite suite -->
  <testcase name="@BeforeSuite suite" time="0.0" classname="com.viacom.smoketestscripts.BaseTestV2">
    <ignored/>
  </testcase> <!-- @BeforeSuite suite -->
  <testcase name="@BeforeSuite suite" time="0.0" classname="com.viacom.smoketestscripts.BaseTestV2">
    <ignored/>
  </testcase> <!-- @BeforeSuite suite -->
  <testcase name="@BeforeSuite suite" time="0.0" classname="com.viacom.smoketestscripts.BaseTestV2">
    <ignored/>
  </testcase> <!-- @BeforeSuite suite -->
  <testcase name="@BeforeSuite suite" time="0.0" classname="com.viacom.smoketestscripts.BaseTestV2">
    <ignored/>
  </testcase> <!-- @BeforeSuite suite -->
  <testcase name="@BeforeSuite suite" time="0.0" classname="com.viacom.smoketestscripts.BaseTestV2">
    <ignored/>
  </testcase> <!-- @BeforeSuite suite -->
  <testcase name="@BeforeSuite suite" time="0.0" classname="com.viacom.smoketestscripts.BaseTestV2">
    <ignored/>
  </testcase> <!-- @BeforeSuite suite -->
  <testcase name="@BeforeSuite suite" time="0.0" classname="com.viacom.smoketestscripts.BaseTestV2">
    <ignored/>
  </testcase> <!-- @BeforeSuite suite -->
  <testcase name="@BeforeSuite suite" time="0.0" classname="com.viacom.smoketestscripts.BaseTestV2">
    <ignored/>
  </testcase> <!-- @BeforeSuite suite -->
  <testcase name="@BeforeSuite suite" time="0.0" classname="com.viacom.smoketestscripts.BaseTestV2">
    <ignored/>
  </testcase> <!-- @BeforeSuite suite -->
  <testcase name="@AfterSuite close" time="0.0" classname="com.viacom.smoketestscripts.BaseTestV2">
    <ignored/>
  </testcase> <!-- @AfterSuite close -->
  <testcase name="@AfterSuite close" time="0.0" classname="com.viacom.smoketestscripts.BaseTestV2">
    <ignored/>
  </testcase> <!-- @AfterSuite close -->
  <testcase name="@AfterSuite close" time="0.0" classname="com.viacom.smoketestscripts.BaseTestV2">
    <ignored/>
  </testcase> <!-- @AfterSuite close -->
  <testcase name="@AfterSuite close" time="0.0" classname="com.viacom.smoketestscripts.BaseTestV2">
    <ignored/>
  </testcase> <!-- @AfterSuite close -->
  <testcase name="@AfterSuite close" time="0.0" classname="com.viacom.smoketestscripts.BaseTestV2">
    <ignored/>
  </testcase> <!-- @AfterSuite close -->
  <testcase name="@AfterSuite close" time="0.0" classname="com.viacom.smoketestscripts.BaseTestV2">
    <ignored/>
  </testcase> <!-- @AfterSuite close -->
  <testcase name="@AfterSuite close" time="0.0" classname="com.viacom.smoketestscripts.BaseTestV2">
    <ignored/>
  </testcase> <!-- @AfterSuite close -->
  <testcase name="@AfterSuite close" time="0.0" classname="com.viacom.smoketestscripts.BaseTestV2">
    <ignored/>
  </testcase> <!-- @AfterSuite close -->
  <testcase name="@AfterSuite close" time="0.0" classname="com.viacom.smoketestscripts.BaseTestV2">
    <ignored/>
  </testcase> <!-- @AfterSuite close -->
  <testcase name="@AfterSuite close" time="0.0" classname="com.viacom.smoketestscripts.BaseTestV2">
    <ignored/>
  </testcase> <!-- @AfterSuite close -->
  <testcase name="@AfterSuite close" time="0.0" classname="com.viacom.smoketestscripts.BaseTestV2">
    <ignored/>
  </testcase> <!-- @AfterSuite close -->
  <testcase name="@AfterSuite close" time="0.0" classname="com.viacom.smoketestscripts.BaseTestV2">
    <ignored/>
  </testcase> <!-- @AfterSuite close -->
  <testcase name="@AfterSuite close" time="0.0" classname="com.viacom.smoketestscripts.BaseTestV2">
    <ignored/>
  </testcase> <!-- @AfterSuite close -->
  <testcase name="@AfterSuite close" time="0.0" classname="com.viacom.smoketestscripts.BaseTestV2">
    <ignored/>
  </testcase> <!-- @AfterSuite close -->
  <testcase name="@AfterSuite close" time="0.0" classname="com.viacom.smoketestscripts.BaseTestV2">
    <ignored/>
  </testcase> <!-- @AfterSuite close -->
  <testcase name="@AfterSuite close" time="0.0" classname="com.viacom.smoketestscripts.BaseTestV2">
    <ignored/>
  </testcase> <!-- @AfterSuite close -->
  <testcase name="@AfterSuite close" time="0.0" classname="com.viacom.smoketestscripts.BaseTestV2">
    <ignored/>
  </testcase> <!-- @AfterSuite close -->
  <testcase name="@AfterSuite close" time="0.0" classname="com.viacom.smoketestscripts.BaseTestV2">
    <ignored/>
  </testcase> <!-- @AfterSuite close -->
  <testcase name="@AfterSuite close" time="0.0" classname="com.viacom.smoketestscripts.BaseTestV2">
    <ignored/>
  </testcase> <!-- @AfterSuite close -->
  <testcase name="@AfterSuite close" time="0.0" classname="com.viacom.smoketestscripts.BaseTestV2">
    <ignored/>
  </testcase> <!-- @AfterSuite close -->
  <testcase name="@AfterSuite close" time="0.0" classname="com.viacom.smoketestscripts.BaseTestV2">
    <ignored/>
  </testcase> <!-- @AfterSuite close -->
  <testcase name="@AfterSuite close" time="0.0" classname="com.viacom.smoketestscripts.BaseTestV2">
    <ignored/>
  </testcase> <!-- @AfterSuite close -->
  <testcase name="@AfterSuite close" time="0.0" classname="com.viacom.smoketestscripts.BaseTestV2">
    <ignored/>
  </testcase> <!-- @AfterSuite close -->
  <testcase name="@AfterSuite close" time="0.0" classname="com.viacom.smoketestscripts.BaseTestV2">
    <ignored/>
  </testcase> <!-- @AfterSuite close -->
  <testcase name="@AfterSuite close" time="0.0" classname="com.viacom.smoketestscripts.BaseTestV2">
    <ignored/>
  </testcase> <!-- @AfterSuite close -->
  <testcase name="@AfterSuite close" time="0.0" classname="com.viacom.smoketestscripts.BaseTestV2">
    <ignored/>
  </testcase> <!-- @AfterSuite close -->
  <testcase name="@AfterSuite close" time="0.0" classname="com.viacom.smoketestscripts.BaseTestV2">
    <ignored/>
  </testcase> <!-- @AfterSuite close -->
  <testcase name="@AfterSuite close" time="0.0" classname="com.viacom.smoketestscripts.BaseTestV2">
    <ignored/>
  </testcase> <!-- @AfterSuite close -->
  <testcase name="@AfterSuite close" time="0.0" classname="com.viacom.smoketestscripts.BaseTestV2">
    <ignored/>
  </testcase> <!-- @AfterSuite close -->
  <testcase name="@AfterSuite close" time="0.0" classname="com.viacom.smoketestscripts.BaseTestV2">
    <ignored/>
  </testcase> <!-- @AfterSuite close -->
  <testcase name="@AfterSuite close" time="0.0" classname="com.viacom.smoketestscripts.BaseTestV2">
    <ignored/>
  </testcase> <!-- @AfterSuite close -->
  <testcase name="@AfterSuite close" time="0.0" classname="com.viacom.smoketestscripts.BaseTestV2">
    <ignored/>
  </testcase> <!-- @AfterSuite close -->
  <testcase name="@AfterSuite close" time="0.0" classname="com.viacom.smoketestscripts.BaseTestV2">
    <ignored/>
  </testcase> <!-- @AfterSuite close -->
  <testcase name="@AfterSuite close" time="0.0" classname="com.viacom.smoketestscripts.BaseTestV2">
    <ignored/>
  </testcase> <!-- @AfterSuite close -->
  <testcase name="@AfterSuite close" time="0.0" classname="com.viacom.smoketestscripts.BaseTestV2">
    <ignored/>
  </testcase> <!-- @AfterSuite close -->
  <testcase name="@AfterSuite close" time="0.0" classname="com.viacom.smoketestscripts.BaseTestV2">
    <ignored/>
  </testcase> <!-- @AfterSuite close -->
  <testcase name="@AfterSuite close" time="0.0" classname="com.viacom.smoketestscripts.BaseTestV2">
    <ignored/>
  </testcase> <!-- @AfterSuite close -->
  <testcase name="@AfterSuite close" time="0.0" classname="com.viacom.smoketestscripts.BaseTestV2">
    <ignored/>
  </testcase> <!-- @AfterSuite close -->
  <testcase name="@AfterSuite close" time="0.0" classname="com.viacom.smoketestscripts.BaseTestV2">
    <ignored/>
  </testcase> <!-- @AfterSuite close -->
  <testcase name="@AfterSuite close" time="0.0" classname="com.viacom.smoketestscripts.BaseTestV2">
    <ignored/>
  </testcase> <!-- @AfterSuite close -->
</testsuite> <!-- Test1 -->
