<?xml version="1.0" encoding="UTF-8"?>
<!-- Generated by org.testng.reporters.JUnitXMLReporter -->
<testsuite hostname="IFOCUSODC-PC30" ignored="20" name="Test" tests="11" failures="4" timestamp="06 Aug 2019 11:32:37 GMT" time="9190.215" errors="0">
  <testcase name="@AfterMethod tearDown" time="0.105" classname="com.viacom.smoketestscripts.BaseTestV2">
    <failure type="org.openqa.selenium.NoSuchSessionException" message="A session is either terminated or not started
Build info: version: &amp;apos;3.12.0&amp;apos;, revision: &amp;apos;7c6e0b3&amp;apos;, time: &amp;apos;2018-05-08T15:15:08.936Z&amp;apos;
System info: host: &amp;apos;IFOCUSODC-PC30&amp;apos;, ip: &amp;apos;192.168.12.123&amp;apos;, os.name: &amp;apos;Windows 8.1&amp;apos;, os.arch: &amp;apos;amd64&amp;apos;, os.version: &amp;apos;6.3&amp;apos;, java.version: &amp;apos;1.8.0_131&amp;apos;
Driver info: io.appium.java_client.android.AndroidDriver
Capabilities {BROWSER_NAME: Android, VERSION: 8.0.0, appActivity: com.tv.vootkids.ui.home.VKH..., appPackage: com.viacom18.vootkids, autoDismissAlerts: true, databaseEnabled: false, desired: {BROWSER_NAME: Android, VERSION: 8.0.0, appActivity: com.tv.vootkids.ui.home.VKH..., appPackage: com.viacom18.vootkids, autoDismissAlerts: true, deviceName: Samsung J5 Prime, fullReset: false, newCommandTimeout: 360, noReset: true, platformName: android, udid: 421042efc4159421, unlockKey: 1111, unlockType: pin}, deviceManufacturer: samsung, deviceModel: SM-G570F, deviceName: 421042efc4159421, deviceScreenSize: 720x1280, deviceUDID: 421042efc4159421, fullReset: false, javascriptEnabled: true, locationContextEnabled: false, networkConnectionEnabled: true, newCommandTimeout: 360, noReset: true, platform: LINUX, platformName: LINUX, platformVersion: 8.0.0, takesScreenshot: true, udid: 421042efc4159421, unlockKey: 1111, unlockType: pin, warnings: {}, webStorageEnabled: false}
Session ID: 54025694-8bd7-4a53-b2d8-70f7a7ceadb5">
      <![CDATA[org.openqa.selenium.NoSuchSessionException: A session is either terminated or not started
Build info: version: '3.12.0', revision: '7c6e0b3', time: '2018-05-08T15:15:08.936Z'
System info: host: 'IFOCUSODC-PC30', ip: '192.168.12.123', os.name: 'Windows 8.1', os.arch: 'amd64', os.version: '6.3', java.version: '1.8.0_131'
Driver info: io.appium.java_client.android.AndroidDriver
Capabilities {BROWSER_NAME: Android, VERSION: 8.0.0, appActivity: com.tv.vootkids.ui.home.VKH..., appPackage: com.viacom18.vootkids, autoDismissAlerts: true, databaseEnabled: false, desired: {BROWSER_NAME: Android, VERSION: 8.0.0, appActivity: com.tv.vootkids.ui.home.VKH..., appPackage: com.viacom18.vootkids, autoDismissAlerts: true, deviceName: Samsung J5 Prime, fullReset: false, newCommandTimeout: 360, noReset: true, platformName: android, udid: 421042efc4159421, unlockKey: 1111, unlockType: pin}, deviceManufacturer: samsung, deviceModel: SM-G570F, deviceName: 421042efc4159421, deviceScreenSize: 720x1280, deviceUDID: 421042efc4159421, fullReset: false, javascriptEnabled: true, locationContextEnabled: false, networkConnectionEnabled: true, newCommandTimeout: 360, noReset: true, platform: LINUX, platformName: LINUX, platformVersion: 8.0.0, takesScreenshot: true, udid: 421042efc4159421, unlockKey: 1111, unlockType: pin, warnings: {}, webStorageEnabled: false}
Session ID: 54025694-8bd7-4a53-b2d8-70f7a7ceadb5
at org.openqa.selenium.remote.http.W3CHttpResponseCodec.createException(W3CHttpResponseCodec.java:187)
at org.openqa.selenium.remote.http.W3CHttpResponseCodec.decode(W3CHttpResponseCodec.java:122)
at org.openqa.selenium.remote.http.W3CHttpResponseCodec.decode(W3CHttpResponseCodec.java:49)
at org.openqa.selenium.remote.HttpCommandExecutor.execute(HttpCommandExecutor.java:158)
at io.appium.java_client.remote.AppiumCommandExecutor.execute(AppiumCommandExecutor.java:218)
at org.openqa.selenium.remote.RemoteWebDriver.execute(RemoteWebDriver.java:543)
at io.appium.java_client.DefaultGenericMobileDriver.execute(DefaultGenericMobileDriver.java:46)
at io.appium.java_client.AppiumDriver.execute(AppiumDriver.java:1)
at io.appium.java_client.android.AndroidDriver.execute(AndroidDriver.java:1)
at org.openqa.selenium.remote.RemoteWebDriver.quit(RemoteWebDriver.java:443)
at com.viacom.smoketestscripts.BaseTestV2.tearDown(BaseTestV2.java:70)
... Removed 32 stack frames]]>
    </failure>
  </testcase> <!-- @AfterMethod tearDown -->
  <testcase name="@BeforeMethod setup" time="0.0" classname="com.viacom.smoketestscripts.BaseTestV2">
    <skipped/>
  </testcase> <!-- @BeforeMethod setup -->
  <testcase name="@AfterMethod tearDown" time="0.0" classname="com.viacom.smoketestscripts.BaseTestV2">
    <skipped/>
  </testcase> <!-- @AfterMethod tearDown -->
  <testcase name="@BeforeMethod setup" time="0.0" classname="com.viacom.smoketestscripts.BaseTestV2">
    <skipped/>
  </testcase> <!-- @BeforeMethod setup -->
  <testcase name="@AfterMethod tearDown" time="0.0" classname="com.viacom.smoketestscripts.BaseTestV2">
    <skipped/>
  </testcase> <!-- @AfterMethod tearDown -->
  <testcase name="@BeforeMethod setup" time="0.0" classname="com.viacom.smoketestscripts.BaseTestV2">
    <skipped/>
  </testcase> <!-- @BeforeMethod setup -->
  <testcase name="@AfterMethod tearDown" time="0.0" classname="com.viacom.smoketestscripts.BaseTestV2">
    <skipped/>
  </testcase> <!-- @AfterMethod tearDown -->
  <testcase name="@BeforeMethod setup" time="0.0" classname="com.viacom.smoketestscripts.BaseTestV2">
    <skipped/>
  </testcase> <!-- @BeforeMethod setup -->
  <testcase name="@AfterMethod tearDown" time="0.0" classname="com.viacom.smoketestscripts.BaseTestV2">
    <skipped/>
  </testcase> <!-- @AfterMethod tearDown -->
  <testcase name="@BeforeMethod setup" time="0.0" classname="com.viacom.smoketestscripts.BaseTestV2">
    <skipped/>
  </testcase> <!-- @BeforeMethod setup -->
  <testcase name="@AfterMethod tearDown" time="0.0" classname="com.viacom.smoketestscripts.BaseTestV2">
    <skipped/>
  </testcase> <!-- @AfterMethod tearDown -->
  <testcase name="VerifyAudiocardsUpdatedinUsagestats" time="1700.602" classname="com.viacom.parentzone.VerifyAudiocardsUpdatedinUsagestats"/>
  <testcase name="VerifyWatchedEpisodesUpadateinusagestats" time="1713.629" classname="com.viacom.parentzone.VerifyWatchedEpisodesUpadateinusagestats"/>
  <testcase name="VerifyEbooksCardNavigations" time="1370.119" classname="com.viacom.uinavigation.VerifyEbooksCardNavigations">
    <failure type="org.openqa.selenium.WebDriverException" message="java.io.IOException: unexpected end of stream on Connection{127.0.0.5:4727, proxy=DIRECT hostAddress=/127.0.0.5:4727 cipherSuite=none protocol=http/1.1}
Build info: version: &amp;apos;3.12.0&amp;apos;, revision: &amp;apos;7c6e0b3&amp;apos;, time: &amp;apos;2018-05-08T15:15:08.936Z&amp;apos;
System info: host: &amp;apos;IFOCUSODC-PC30&amp;apos;, ip: &amp;apos;192.168.12.123&amp;apos;, os.name: &amp;apos;Windows 8.1&amp;apos;, os.arch: &amp;apos;amd64&amp;apos;, os.version: &amp;apos;6.3&amp;apos;, java.version: &amp;apos;1.8.0_131&amp;apos;
Driver info: driver.version: AndroidDriver">
      <![CDATA[org.openqa.selenium.WebDriverException: java.io.IOException: unexpected end of stream on Connection{127.0.0.5:4727, proxy=DIRECT hostAddress=/127.0.0.5:4727 cipherSuite=none protocol=http/1.1}
Build info: version: '3.12.0', revision: '7c6e0b3', time: '2018-05-08T15:15:08.936Z'
System info: host: 'IFOCUSODC-PC30', ip: '192.168.12.123', os.name: 'Windows 8.1', os.arch: 'amd64', os.version: '6.3', java.version: '1.8.0_131'
Driver info: driver.version: AndroidDriver
at io.appium.java_client.remote.AppiumCommandExecutor.execute(AppiumCommandExecutor.java:233)
at org.openqa.selenium.remote.RemoteWebDriver.execute(RemoteWebDriver.java:543)
at io.appium.java_client.DefaultGenericMobileDriver.execute(DefaultGenericMobileDriver.java:42)
at io.appium.java_client.AppiumDriver.execute(AppiumDriver.java:1)
at io.appium.java_client.android.AndroidDriver.execute(AndroidDriver.java:1)
at org.openqa.selenium.remote.RemoteWebDriver$RemoteWebDriverOptions$RemoteTimeouts.implicitlyWait(RemoteWebDriver.java:771)
at com.viacom.utils.Utilities.explicitWaitClickableNew(Utilities.java:219)
at com.viacom.pagesVersion2.ReadPageV2.dismissReaderCoachCards(ReadPageV2.java:318)
at com.viacom.uinavigation.VerifyEbooksCardNavigations.VerifyEbooksCardNavigations(VerifyEbooksCardNavigations.java:159)
Caused by: java.io.IOException: unexpected end of stream on Connection{127.0.0.5:4727, proxy=DIRECT hostAddress=/127.0.0.5:4727 cipherSuite=none protocol=http/1.1}
at okhttp3.internal.http1.Http1Codec.readResponseHeaders(Http1Codec.java:205)
at okhttp3.internal.http.CallServerInterceptor.intercept(CallServerInterceptor.java:88)
at okhttp3.internal.http.RealInterceptorChain.proceed(RealInterceptorChain.java:147)
at okhttp3.internal.connection.ConnectInterceptor.intercept(ConnectInterceptor.java:45)
at okhttp3.internal.http.RealInterceptorChain.proceed(RealInterceptorChain.java:147)
at okhttp3.internal.http.RealInterceptorChain.proceed(RealInterceptorChain.java:121)
at okhttp3.internal.cache.CacheInterceptor.intercept(CacheInterceptor.java:93)
at okhttp3.internal.http.RealInterceptorChain.proceed(RealInterceptorChain.java:147)
at okhttp3.internal.http.RealInterceptorChain.proceed(RealInterceptorChain.java:121)
at okhttp3.internal.http.BridgeInterceptor.intercept(BridgeInterceptor.java:93)
at okhttp3.internal.http.RealInterceptorChain.proceed(RealInterceptorChain.java:147)
at okhttp3.internal.http.RetryAndFollowUpInterceptor.intercept(RetryAndFollowUpInterceptor.java:125)
at okhttp3.internal.http.RealInterceptorChain.proceed(RealInterceptorChain.java:147)
at okhttp3.internal.http.RealInterceptorChain.proceed(RealInterceptorChain.java:121)
at okhttp3.RealCall.getResponseWithInterceptorChain(RealCall.java:200)
at okhttp3.RealCall.execute(RealCall.java:77)
at org.openqa.selenium.remote.internal.OkHttpClient.execute(OkHttpClient.java:105)
at org.openqa.selenium.remote.HttpCommandExecutor.execute(HttpCommandExecutor.java:155)
at io.appium.java_client.remote.AppiumCommandExecutor.execute(AppiumCommandExecutor.java:218)
... 33 more
Caused by: java.io.EOFException: \n not found: limit=0 content=…
at okio.RealBufferedSource.readUtf8LineStrict(RealBufferedSource.java:227)
at okhttp3.internal.http1.Http1Codec.readHeaderLine(Http1Codec.java:212)
at okhttp3.internal.http1.Http1Codec.readResponseHeaders(Http1Codec.java:189)
... 51 more
... Removed 25 stack frames]]>
    </failure>
  </testcase> <!-- VerifyEbooksCardNavigations -->
  <testcase name="VerifyNumberfEbookardsunderUndereachTab" time="1365.111" classname="com.viacom.ebook.VerifyNumberfEbookardsunderUndereachTab">
    <failure type="org.openqa.selenium.WebDriverException" message="java.io.IOException: unexpected end of stream on Connection{127.0.0.5:4727, proxy=DIRECT hostAddress=/127.0.0.5:4727 cipherSuite=none protocol=http/1.1}
Build info: version: &amp;apos;3.12.0&amp;apos;, revision: &amp;apos;7c6e0b3&amp;apos;, time: &amp;apos;2018-05-08T15:15:08.936Z&amp;apos;
System info: host: &amp;apos;IFOCUSODC-PC30&amp;apos;, ip: &amp;apos;192.168.12.123&amp;apos;, os.name: &amp;apos;Windows 8.1&amp;apos;, os.arch: &amp;apos;amd64&amp;apos;, os.version: &amp;apos;6.3&amp;apos;, java.version: &amp;apos;1.8.0_131&amp;apos;
Driver info: driver.version: AndroidDriver">
      <![CDATA[org.openqa.selenium.WebDriverException: java.io.IOException: unexpected end of stream on Connection{127.0.0.5:4727, proxy=DIRECT hostAddress=/127.0.0.5:4727 cipherSuite=none protocol=http/1.1}
Build info: version: '3.12.0', revision: '7c6e0b3', time: '2018-05-08T15:15:08.936Z'
System info: host: 'IFOCUSODC-PC30', ip: '192.168.12.123', os.name: 'Windows 8.1', os.arch: 'amd64', os.version: '6.3', java.version: '1.8.0_131'
Driver info: driver.version: AndroidDriver
at io.appium.java_client.remote.AppiumCommandExecutor.execute(AppiumCommandExecutor.java:233)
at org.openqa.selenium.remote.RemoteWebDriver.execute(RemoteWebDriver.java:543)
at io.appium.java_client.DefaultGenericMobileDriver.execute(DefaultGenericMobileDriver.java:42)
at io.appium.java_client.AppiumDriver.execute(AppiumDriver.java:1)
at io.appium.java_client.android.AndroidDriver.execute(AndroidDriver.java:1)
at org.openqa.selenium.remote.RemoteWebDriver$RemoteWebDriverOptions$RemoteTimeouts.implicitlyWait(RemoteWebDriver.java:771)
at com.viacom.utils.Utilities.explicitWaitClickableNew(Utilities.java:219)
at com.viacom.pagesVersion2.ReadPageV2.dismissReaderCoachCards(ReadPageV2.java:318)
at com.viacom.ebook.VerifyNumberfEbookardsunderUndereachTab.VerifyNumberfEbookardsunderUndereachTab(VerifyNumberfEbookardsunderUndereachTab.java:184)
Caused by: java.io.IOException: unexpected end of stream on Connection{127.0.0.5:4727, proxy=DIRECT hostAddress=/127.0.0.5:4727 cipherSuite=none protocol=http/1.1}
at okhttp3.internal.http1.Http1Codec.readResponseHeaders(Http1Codec.java:205)
at okhttp3.internal.http.CallServerInterceptor.intercept(CallServerInterceptor.java:88)
at okhttp3.internal.http.RealInterceptorChain.proceed(RealInterceptorChain.java:147)
at okhttp3.internal.connection.ConnectInterceptor.intercept(ConnectInterceptor.java:45)
at okhttp3.internal.http.RealInterceptorChain.proceed(RealInterceptorChain.java:147)
at okhttp3.internal.http.RealInterceptorChain.proceed(RealInterceptorChain.java:121)
at okhttp3.internal.cache.CacheInterceptor.intercept(CacheInterceptor.java:93)
at okhttp3.internal.http.RealInterceptorChain.proceed(RealInterceptorChain.java:147)
at okhttp3.internal.http.RealInterceptorChain.proceed(RealInterceptorChain.java:121)
at okhttp3.internal.http.BridgeInterceptor.intercept(BridgeInterceptor.java:93)
at okhttp3.internal.http.RealInterceptorChain.proceed(RealInterceptorChain.java:147)
at okhttp3.internal.http.RetryAndFollowUpInterceptor.intercept(RetryAndFollowUpInterceptor.java:125)
at okhttp3.internal.http.RealInterceptorChain.proceed(RealInterceptorChain.java:147)
at okhttp3.internal.http.RealInterceptorChain.proceed(RealInterceptorChain.java:121)
at okhttp3.RealCall.getResponseWithInterceptorChain(RealCall.java:200)
at okhttp3.RealCall.execute(RealCall.java:77)
at org.openqa.selenium.remote.internal.OkHttpClient.execute(OkHttpClient.java:105)
at org.openqa.selenium.remote.HttpCommandExecutor.execute(HttpCommandExecutor.java:155)
at io.appium.java_client.remote.AppiumCommandExecutor.execute(AppiumCommandExecutor.java:218)
... 33 more
Caused by: java.io.EOFException: \n not found: limit=0 content=…
at okio.RealBufferedSource.readUtf8LineStrict(RealBufferedSource.java:227)
at okhttp3.internal.http1.Http1Codec.readHeaderLine(Http1Codec.java:212)
at okhttp3.internal.http1.Http1Codec.readResponseHeaders(Http1Codec.java:189)
... 51 more
... Removed 25 stack frames]]>
    </failure>
  </testcase> <!-- VerifyNumberfEbookardsunderUndereachTab -->
  <testcase name="VerifyReaderPlayer_For_NoNarration" time="1361.338" classname="com.viacom.ebook.VerifyReaderPlayer_For_NoNarration">
    <failure type="org.openqa.selenium.WebDriverException" message="java.io.IOException: unexpected end of stream on Connection{127.0.0.5:4727, proxy=DIRECT hostAddress=/127.0.0.5:4727 cipherSuite=none protocol=http/1.1}
Build info: version: &amp;apos;3.12.0&amp;apos;, revision: &amp;apos;7c6e0b3&amp;apos;, time: &amp;apos;2018-05-08T15:15:08.936Z&amp;apos;
System info: host: &amp;apos;IFOCUSODC-PC30&amp;apos;, ip: &amp;apos;192.168.12.123&amp;apos;, os.name: &amp;apos;Windows 8.1&amp;apos;, os.arch: &amp;apos;amd64&amp;apos;, os.version: &amp;apos;6.3&amp;apos;, java.version: &amp;apos;1.8.0_131&amp;apos;
Driver info: driver.version: AndroidDriver">
      <![CDATA[org.openqa.selenium.WebDriverException: java.io.IOException: unexpected end of stream on Connection{127.0.0.5:4727, proxy=DIRECT hostAddress=/127.0.0.5:4727 cipherSuite=none protocol=http/1.1}
Build info: version: '3.12.0', revision: '7c6e0b3', time: '2018-05-08T15:15:08.936Z'
System info: host: 'IFOCUSODC-PC30', ip: '192.168.12.123', os.name: 'Windows 8.1', os.arch: 'amd64', os.version: '6.3', java.version: '1.8.0_131'
Driver info: driver.version: AndroidDriver
at io.appium.java_client.remote.AppiumCommandExecutor.execute(AppiumCommandExecutor.java:233)
at org.openqa.selenium.remote.RemoteWebDriver.execute(RemoteWebDriver.java:543)
at io.appium.java_client.DefaultGenericMobileDriver.execute(DefaultGenericMobileDriver.java:42)
at io.appium.java_client.AppiumDriver.execute(AppiumDriver.java:1)
at io.appium.java_client.android.AndroidDriver.execute(AndroidDriver.java:1)
at org.openqa.selenium.remote.RemoteWebDriver$RemoteWebDriverOptions$RemoteTimeouts.implicitlyWait(RemoteWebDriver.java:771)
at com.viacom.utils.Utilities.explicitWaitClickableNew(Utilities.java:219)
at com.viacom.pagesVersion2.ReadPageV2.dismissReaderCoachCards(ReadPageV2.java:318)
at com.viacom.ebook.VerifyReaderPlayer_For_NoNarration.VerifyReaderPlayer_For_NoNarration(VerifyReaderPlayer_For_NoNarration.java:210)
Caused by: java.io.IOException: unexpected end of stream on Connection{127.0.0.5:4727, proxy=DIRECT hostAddress=/127.0.0.5:4727 cipherSuite=none protocol=http/1.1}
at okhttp3.internal.http1.Http1Codec.readResponseHeaders(Http1Codec.java:205)
at okhttp3.internal.http.CallServerInterceptor.intercept(CallServerInterceptor.java:88)
at okhttp3.internal.http.RealInterceptorChain.proceed(RealInterceptorChain.java:147)
at okhttp3.internal.connection.ConnectInterceptor.intercept(ConnectInterceptor.java:45)
at okhttp3.internal.http.RealInterceptorChain.proceed(RealInterceptorChain.java:147)
at okhttp3.internal.http.RealInterceptorChain.proceed(RealInterceptorChain.java:121)
at okhttp3.internal.cache.CacheInterceptor.intercept(CacheInterceptor.java:93)
at okhttp3.internal.http.RealInterceptorChain.proceed(RealInterceptorChain.java:147)
at okhttp3.internal.http.RealInterceptorChain.proceed(RealInterceptorChain.java:121)
at okhttp3.internal.http.BridgeInterceptor.intercept(BridgeInterceptor.java:93)
at okhttp3.internal.http.RealInterceptorChain.proceed(RealInterceptorChain.java:147)
at okhttp3.internal.http.RetryAndFollowUpInterceptor.intercept(RetryAndFollowUpInterceptor.java:125)
at okhttp3.internal.http.RealInterceptorChain.proceed(RealInterceptorChain.java:147)
at okhttp3.internal.http.RealInterceptorChain.proceed(RealInterceptorChain.java:121)
at okhttp3.RealCall.getResponseWithInterceptorChain(RealCall.java:200)
at okhttp3.RealCall.execute(RealCall.java:77)
at org.openqa.selenium.remote.internal.OkHttpClient.execute(OkHttpClient.java:105)
at org.openqa.selenium.remote.HttpCommandExecutor.execute(HttpCommandExecutor.java:155)
at io.appium.java_client.remote.AppiumCommandExecutor.execute(AppiumCommandExecutor.java:218)
... 33 more
Caused by: java.io.EOFException: \n not found: limit=0 content=…
at okio.RealBufferedSource.readUtf8LineStrict(RealBufferedSource.java:227)
at okhttp3.internal.http1.Http1Codec.readHeaderLine(Http1Codec.java:212)
at okhttp3.internal.http1.Http1Codec.readResponseHeaders(Http1Codec.java:189)
... 51 more
... Removed 25 stack frames]]>
    </failure>
  </testcase> <!-- VerifyReaderPlayer_For_NoNarration -->
  <testcase name="VerifyThedownloadedEbooksadded" time="1634.922" classname="com.viacom.downloads.VerifyThedownloadedEbooksadded">
    <failure type="java.lang.AssertionError" message="Failed to click on Tab: My Stuff">
      <![CDATA[java.lang.AssertionError: Failed to click on Tab: My Stuff
at com.viacom.pagesVersion2.BasePageV2.reportFail(BasePageV2.java:64)
at com.viacom.pagesVersion2.HomePageV2.tabClick(HomePageV2.java:1415)
at com.viacom.downloads.VerifyThedownloadedEbooksadded.VerifyThedownloadedEbooksadded(VerifyThedownloadedEbooksadded.java:561)
... Removed 26 stack frames]]>
    </failure>
  </testcase> <!-- VerifyThedownloadedEbooksadded -->
  <testcase name="DownloadFunctionalityandLastreadUpdation" time="0.0" classname="com.viacom.downloads.DownloadFunctionalityandLastreadUpdation">
    <skipped/>
  </testcase> <!-- DownloadFunctionalityandLastreadUpdation -->
  <testcase name="VerifyDownloadofPostPreviewingpages" time="0.0" classname="com.viacom.downloads.VerifyDownloadofPostPreviewingpages">
    <skipped/>
  </testcase> <!-- VerifyDownloadofPostPreviewingpages -->
  <testcase name="VerifyEbooksAddedtoMyStuff_LastViewed" time="0.0" classname="com.viacom.lastviewed.VerifyEbooksAddedtoMyStuff_LastViewed">
    <skipped/>
  </testcase> <!-- VerifyEbooksAddedtoMyStuff_LastViewed -->
  <testcase name="loginTest" time="0.0" classname="com.viacom.smoketestscripts.LoginFunctionalityTest">
    <skipped/>
  </testcase> <!-- loginTest -->
  <testcase name="VerifySignupandLoginLinkFunctionality" time="0.0" classname="com.viacom.registration.VerifySignupandLoginLinkFunctionality">
    <skipped/>
  </testcase> <!-- VerifySignupandLoginLinkFunctionality -->
  <testcase name="@BeforeSuite suite" time="0.0" classname="com.viacom.smoketestscripts.BaseTestV2">
    <ignored/>
  </testcase> <!-- @BeforeSuite suite -->
  <testcase name="@BeforeSuite suite" time="0.0" classname="com.viacom.smoketestscripts.BaseTestV2">
    <ignored/>
  </testcase> <!-- @BeforeSuite suite -->
  <testcase name="@BeforeSuite suite" time="0.0" classname="com.viacom.smoketestscripts.BaseTestV2">
    <ignored/>
  </testcase> <!-- @BeforeSuite suite -->
  <testcase name="@BeforeSuite suite" time="0.0" classname="com.viacom.smoketestscripts.BaseTestV2">
    <ignored/>
  </testcase> <!-- @BeforeSuite suite -->
  <testcase name="@BeforeSuite suite" time="0.0" classname="com.viacom.smoketestscripts.BaseTestV2">
    <ignored/>
  </testcase> <!-- @BeforeSuite suite -->
  <testcase name="@BeforeSuite suite" time="0.0" classname="com.viacom.smoketestscripts.BaseTestV2">
    <ignored/>
  </testcase> <!-- @BeforeSuite suite -->
  <testcase name="@BeforeSuite suite" time="0.0" classname="com.viacom.smoketestscripts.BaseTestV2">
    <ignored/>
  </testcase> <!-- @BeforeSuite suite -->
  <testcase name="@BeforeSuite suite" time="0.0" classname="com.viacom.smoketestscripts.BaseTestV2">
    <ignored/>
  </testcase> <!-- @BeforeSuite suite -->
  <testcase name="@BeforeSuite suite" time="0.0" classname="com.viacom.smoketestscripts.BaseTestV2">
    <ignored/>
  </testcase> <!-- @BeforeSuite suite -->
  <testcase name="@BeforeSuite suite" time="0.0" classname="com.viacom.smoketestscripts.BaseTestV2">
    <ignored/>
  </testcase> <!-- @BeforeSuite suite -->
  <testcase name="@AfterSuite close" time="0.0" classname="com.viacom.smoketestscripts.BaseTestV2">
    <ignored/>
  </testcase> <!-- @AfterSuite close -->
  <testcase name="@AfterSuite close" time="0.0" classname="com.viacom.smoketestscripts.BaseTestV2">
    <ignored/>
  </testcase> <!-- @AfterSuite close -->
  <testcase name="@AfterSuite close" time="0.0" classname="com.viacom.smoketestscripts.BaseTestV2">
    <ignored/>
  </testcase> <!-- @AfterSuite close -->
  <testcase name="@AfterSuite close" time="0.0" classname="com.viacom.smoketestscripts.BaseTestV2">
    <ignored/>
  </testcase> <!-- @AfterSuite close -->
  <testcase name="@AfterSuite close" time="0.0" classname="com.viacom.smoketestscripts.BaseTestV2">
    <ignored/>
  </testcase> <!-- @AfterSuite close -->
  <testcase name="@AfterSuite close" time="0.0" classname="com.viacom.smoketestscripts.BaseTestV2">
    <ignored/>
  </testcase> <!-- @AfterSuite close -->
  <testcase name="@AfterSuite close" time="0.0" classname="com.viacom.smoketestscripts.BaseTestV2">
    <ignored/>
  </testcase> <!-- @AfterSuite close -->
  <testcase name="@AfterSuite close" time="0.0" classname="com.viacom.smoketestscripts.BaseTestV2">
    <ignored/>
  </testcase> <!-- @AfterSuite close -->
  <testcase name="@AfterSuite close" time="0.0" classname="com.viacom.smoketestscripts.BaseTestV2">
    <ignored/>
  </testcase> <!-- @AfterSuite close -->
  <testcase name="@AfterSuite close" time="0.0" classname="com.viacom.smoketestscripts.BaseTestV2">
    <ignored/>
  </testcase> <!-- @AfterSuite close -->
</testsuite> <!-- Test -->
